00000000000i[      ] Bochs x86 Emulator 2.6.8
00000000000i[      ]   Built from SVN snapshot on May 3, 2015
00000000000i[      ] Compiled on Jan  3 2023 at 23:05:54
00000000000i[      ] System configuration
00000000000i[      ]   processors: 1 (cores=1, HT threads=1)
00000000000i[      ]   A20 line support: yes
00000000000i[      ] IPS is set to 4000000
00000000000i[      ] CPU configuration
00000000000i[      ]   SMP support: no
00000000000i[      ]   level: 6
00000000000i[      ]   APIC support: xapic
00000000000i[      ]   FPU support: yes
00000000000i[      ]   MMX support: yes
00000000000i[      ]   3dnow! support: no
00000000000i[      ]   SEP support: yes
00000000000i[      ]   SIMD support: sse2
00000000000i[      ]   XSAVE support: no 
00000000000i[      ]   AES support: no
00000000000i[      ]   SHA support: no
00000000000i[      ]   MOVBE support: no
00000000000i[      ]   ADX support: no
00000000000i[      ]   x86-64 support: no
00000000000i[      ]   MWAIT support: yes
00000000000i[      ] Optimization configuration
00000000000i[      ]   RepeatSpeedups support: no
00000000000i[      ]   Fast function calls: no
00000000000i[      ]   Handlers Chaining speedups: no
00000000000i[      ] Devices configuration
00000000000i[      ]   NE2000 support: no
00000000000i[      ]   PCI support: yes, enabled=yes
00000000000i[      ]   SB16 support: no
00000000000i[      ]   USB support: no
00000000000i[      ]   VGA extension support: vbe
00000000000i[MEM0  ] allocated memory at 0x7fde46608010. after alignment, vector=0x7fde46609000
00000000000i[MEM0  ] 32.00MB
00000000000i[MEM0  ] mem block size = 0x00100000, blocks=32
00000000000i[MEM0  ] rom at 0xfffe0000/131072 ('/home/cooiboi/bochs/share/bochs/BIOS-bochs-latest')
00000000000i[PLUGIN] init_dev of 'pci' plugin device by virtual method
00000000000i[DEV   ] i440FX PMC present at device 0, function 0
00000000000i[PLUGIN] init_dev of 'pci2isa' plugin device by virtual method
00000000000i[DEV   ] PIIX3 PCI-to-ISA bridge present at device 1, function 0
00000000000i[PLUGIN] init_dev of 'cmos' plugin device by virtual method
00000000000i[CMOS  ] Using local time for initial clock
00000000000i[CMOS  ] Setting initial clock to: Sat Jan  7 19:27:20 2023 (time0=1673148440)
00000000000i[PLUGIN] init_dev of 'dma' plugin device by virtual method
00000000000i[DMA   ] channel 4 used by cascade
00000000000i[PLUGIN] init_dev of 'pic' plugin device by virtual method
00000000000i[PLUGIN] init_dev of 'pit' plugin device by virtual method
00000000000i[PLUGIN] init_dev of 'vga' plugin device by virtual method
00000000000i[MEM0  ] Register memory access handlers: 0x0000000a0000 - 0x0000000bffff
00000000000i[VGA   ] interval=200000, mode=realtime
00000000000i[MEM0  ] Register memory access handlers: 0x0000e0000000 - 0x0000e0ffffff
00000000000i[BXVGA ] VBE Bochs Display Extension Enabled
00000000000i[XGUI  ] test_alloc_colors: 16 colors available out of 16 colors tried
00000000000i[XGUI  ] font 8 wide x 16 high, display depth = 24
00000000000i[KEYMAP] Loading keymap from '/home/cooiboi/bochs/share/bochs/keymaps/x11-pc-us.map'
00000000000i[KEYMAP] Loaded 168 symbols
00000000000i[MEM0  ] rom at 0xc0000/41472 ('/home/cooiboi/bochs/share/bochs/VGABIOS-lgpl-latest')
00000000000i[PLUGIN] init_dev of 'floppy' plugin device by virtual method
00000000000i[DMA   ] channel 2 used by Floppy Drive
00000000000i[PLUGIN] init_dev of 'acpi' plugin device by virtual method
00000000000i[DEV   ] ACPI Controller present at device 1, function 3
00000000000i[PLUGIN] init_dev of 'ioapic' plugin device by virtual method
00000000000i[IOAPIC] initializing I/O APIC
00000000000i[MEM0  ] Register memory access handlers: 0x0000fec00000 - 0x0000fec00fff
00000000000i[IOAPIC] IOAPIC enabled (base address = 0xfec00000)
00000000000i[PLUGIN] init_dev of 'keyboard' plugin device by virtual method
00000000000i[KBD   ] will paste characters every 400 keyboard ticks
00000000000i[PLUGIN] init_dev of 'harddrv' plugin device by virtual method
00000000000i[HD    ] HD on ata0-0: '/home/cooiboi/bochs/boot/hd60M.img', 'flat' mode
00000000000i[IMG   ] hd_size: 62447616
00000000000i[HD    ] ata0-0: using specified geometry: CHS=121/16/63
00000000000i[HD    ] translation on ata0-0 set to 'none'
00000000000i[HD    ] Using boot sequence disk, none, none
00000000000i[HD    ] Floppy boot signature check is enabled
00000000000i[PLUGIN] init_dev of 'pci_ide' plugin device by virtual method
00000000000i[DEV   ] PIIX3 PCI IDE controller present at device 1, function 1
00000000000i[PLUGIN] init_dev of 'unmapped' plugin device by virtual method
00000000000i[PLUGIN] init_dev of 'biosdev' plugin device by virtual method
00000000000i[PLUGIN] init_dev of 'speaker' plugin device by virtual method
00000000000i[PCSPK ] Using /dev/console for output
00000000000i[PLUGIN] init_dev of 'extfpuirq' plugin device by virtual method
00000000000i[PLUGIN] init_dev of 'parallel' plugin device by virtual method
00000000000i[PAR   ] parallel port 1 at 0x0378 irq 7
00000000000i[PLUGIN] init_dev of 'serial' plugin device by virtual method
00000000000i[SER   ] com1 at 0x03f8 irq 4 (mode: null)
00000000000i[PLUGIN] init_dev of 'iodebug' plugin device by virtual method
00000000000i[PLUGIN] register state of 'pci' plugin device by virtual method
00000000000i[PLUGIN] register state of 'pci2isa' plugin device by virtual method
00000000000i[PLUGIN] register state of 'cmos' plugin device by virtual method
00000000000i[PLUGIN] register state of 'dma' plugin device by virtual method
00000000000i[PLUGIN] register state of 'pic' plugin device by virtual method
00000000000i[PLUGIN] register state of 'pit' plugin device by virtual method
00000000000i[PLUGIN] register state of 'vga' plugin device by virtual method
00000000000i[PLUGIN] register state of 'floppy' plugin device by virtual method
00000000000i[PLUGIN] register state of 'unmapped' plugin device by virtual method
00000000000i[PLUGIN] register state of 'biosdev' plugin device by virtual method
00000000000i[PLUGIN] register state of 'speaker' plugin device by virtual method
00000000000i[PLUGIN] register state of 'extfpuirq' plugin device by virtual method
00000000000i[PLUGIN] register state of 'parallel' plugin device by virtual method
00000000000i[PLUGIN] register state of 'serial' plugin device by virtual method
00000000000i[PLUGIN] register state of 'iodebug' plugin device by virtual method
00000000000i[PLUGIN] register state of 'acpi' plugin device by virtual method
00000000000i[PLUGIN] register state of 'ioapic' plugin device by virtual method
00000000000i[PLUGIN] register state of 'keyboard' plugin device by virtual method
00000000000i[PLUGIN] register state of 'harddrv' plugin device by virtual method
00000000000i[PLUGIN] register state of 'pci_ide' plugin device by virtual method
00000000000i[SYS   ] bx_pc_system_c::Reset(HARDWARE) called
00000000000i[CPU0  ] cpu hardware reset
00000000000i[APIC0 ] allocate APIC id=0 (MMIO enabled) to 0x0000fee00000
00000000000i[CPU0  ] CPUID[0x00000000]: 00000005 756e6547 6c65746e 49656e69
00000000000i[CPU0  ] CPUID[0x00000001]: 00000633 00010800 00000008 1fcbfbff
00000000000i[CPU0  ] CPUID[0x00000002]: 00410601 00000000 00000000 00000000
00000000000i[CPU0  ] CPUID[0x00000003]: 00000000 00000000 00000000 00000000
00000000000i[CPU0  ] CPUID[0x00000004]: 00000000 00000000 00000000 00000000
00000000000i[CPU0  ] CPUID[0x00000005]: 00000040 00000040 00000003 00000020
00000000000i[PLUGIN] reset of 'pci' plugin device by virtual method
00000000000i[PLUGIN] reset of 'pci2isa' plugin device by virtual method
00000000000i[PLUGIN] reset of 'cmos' plugin device by virtual method
00000000000i[PLUGIN] reset of 'dma' plugin device by virtual method
00000000000i[PLUGIN] reset of 'pic' plugin device by virtual method
00000000000i[PLUGIN] reset of 'pit' plugin device by virtual method
00000000000i[PLUGIN] reset of 'vga' plugin device by virtual method
00000000000i[PLUGIN] reset of 'floppy' plugin device by virtual method
00000000000i[PLUGIN] reset of 'acpi' plugin device by virtual method
00000000000i[PLUGIN] reset of 'ioapic' plugin device by virtual method
00000000000i[PLUGIN] reset of 'keyboard' plugin device by virtual method
00000000000i[PLUGIN] reset of 'harddrv' plugin device by virtual method
00000000000i[PLUGIN] reset of 'pci_ide' plugin device by virtual method
00000000000i[PLUGIN] reset of 'unmapped' plugin device by virtual method
00000000000i[PLUGIN] reset of 'biosdev' plugin device by virtual method
00000000000i[PLUGIN] reset of 'speaker' plugin device by virtual method
00000000000i[PLUGIN] reset of 'extfpuirq' plugin device by virtual method
00000000000i[PLUGIN] reset of 'parallel' plugin device by virtual method
00000000000i[PLUGIN] reset of 'serial' plugin device by virtual method
00000000000i[PLUGIN] reset of 'iodebug' plugin device by virtual method
00000000000i[      ] set SIGINT handler to bx_debug_ctrlc_handler
00000004661i[BIOS  ] $Revision: 12579 $ $Date: 2014-12-26 11:31:39 +0100 (Fr, 26. Dez 2014) $
00000318049i[KBD   ] reset-disable command received
00000320818i[BIOS  ] Starting rombios32
00000321256i[BIOS  ] Shutdown flag 0
00000321839i[BIOS  ] ram_size=0x02000000
00000322260i[BIOS  ] ram_end=32MB
00000362770i[BIOS  ] Found 1 cpu(s)
00000376974i[BIOS  ] bios_table_addr: 0x000fa498 end=0x000fcc00
00000704769i[PCI   ] i440FX PMC write to PAM register 59 (TLB Flush)
00001032698i[P2ISA ] PCI IRQ routing: PIRQA# set to 0x0b
00001032717i[P2ISA ] PCI IRQ routing: PIRQB# set to 0x09
00001032736i[P2ISA ] PCI IRQ routing: PIRQC# set to 0x0b
00001032755i[P2ISA ] PCI IRQ routing: PIRQD# set to 0x09
00001032765i[P2ISA ] write: ELCR2 = 0x0a
00001033535i[BIOS  ] PIIX3/PIIX4 init: elcr=00 0a
00001041216i[BIOS  ] PCI: bus=0 devfn=0x00: vendor_id=0x8086 device_id=0x1237 class=0x0600
00001043495i[BIOS  ] PCI: bus=0 devfn=0x08: vendor_id=0x8086 device_id=0x7000 class=0x0601
00001045613i[BIOS  ] PCI: bus=0 devfn=0x09: vendor_id=0x8086 device_id=0x7010 class=0x0101
00001045838i[PIDE  ] new BM-DMA address: 0xc000
00001046454i[BIOS  ] region 4: 0x0000c000
00001048488i[BIOS  ] PCI: bus=0 devfn=0x0b: vendor_id=0x8086 device_id=0x7113 class=0x0680
00001048720i[ACPI  ] new irq line = 11
00001048732i[ACPI  ] new irq line = 9
00001048757i[ACPI  ] new PM base address: 0xb000
00001048771i[ACPI  ] new SM base address: 0xb100
00001048799i[PCI   ] setting SMRAM control register to 0x4a
00001212892i[CPU0  ] Enter to System Management Mode
00001212903i[CPU0  ] RSM: Resuming from System Management Mode
00001376924i[PCI   ] setting SMRAM control register to 0x0a
00001391790i[BIOS  ] MP table addr=0x000fa570 MPC table addr=0x000fa4a0 size=0xc8
00001393612i[BIOS  ] SMBIOS table addr=0x000fa580
00001395793i[BIOS  ] ACPI tables: RSDP addr=0x000fa6a0 ACPI DATA addr=0x01ff0000 size=0xf72
00001399005i[BIOS  ] Firmware waking vector 0x1ff00cc
00001400800i[PCI   ] i440FX PMC write to PAM register 59 (TLB Flush)
00001401523i[BIOS  ] bios_table_cur_addr: 0x000fa6c4
00001529140i[VBIOS ] VGABios $Id: vgabios.c,v 1.76 2013/02/10 08:07:03 vruppert Exp $
00001529211i[BXVGA ] VBE known Display Interface b0c0
00001529243i[BXVGA ] VBE known Display Interface b0c5
00001532168i[VBIOS ] VBE Bios $Id: vbe.c,v 1.65 2014/07/08 18:02:25 vruppert Exp $
00001876645i[BIOS  ] ata0-0: PCHS=121/16/63 translation=none LCHS=121/16/63
00003370508i[XGUI  ] charmap update. Font Height is 16
00005753851i[BIOS  ] IDE time out
00017844201i[BIOS  ] Booting from 0000:7c00
00017867435e[CPU0  ] interrupt(): gate.type(9) != {5,6,7,14,15}
00017867435e[CPU0  ] interrupt(): gate descriptor is not valid sys seg (vector=0x0d)
00017867435e[CPU0  ] interrupt(): gate descriptor is not valid sys seg (vector=0x08)
00017867435i[CPU0  ] CPU is in protected mode (active)
00017867435i[CPU0  ] CS.mode = 32 bit
00017867435i[CPU0  ] SS.mode = 32 bit
00017867435i[CPU0  ] EFER   = 0x00000000
00017867435i[CPU0  ] | EAX=00ec5aef  EBX=00b90700  ECX=00000008  EDX=020001f8
00017867435i[CPU0  ] | ESP=000008f0  EBP=00000000  ESI=0000000b  EDI=000000c9
00017867435i[CPU0  ] | IOPL=0 id vip vif ac vm RF nt of df if tf sf zf af pf cf
00017867435i[CPU0  ] | SEG sltr(index|ti|rpl)     base    limit G D
00017867435i[CPU0  ] |  CS:0008( 0001| 0|  0) 00000000 ffffffff 1 1
00017867435i[CPU0  ] |  DS:0010( 0002| 0|  0) 00000000 ffffffff 1 1
00017867435i[CPU0  ] |  SS:0010( 0002| 0|  0) 00000000 ffffffff 1 1
00017867435i[CPU0  ] |  ES:0010( 0002| 0|  0) 00000000 ffffffff 1 1
00017867435i[CPU0  ] |  FS:0000( 0005| 0|  0) 00000000 0000ffff 0 0
00017867435i[CPU0  ] |  GS:0018( 0003| 0|  0) 000b8000 00007fff 1 1
00017867435i[CPU0  ] | EIP=89670c02 (89670c02)
00017867435i[CPU0  ] | CR0=0x60000011 CR2=0x00000000
00017867435i[CPU0  ] | CR3=0x00000000 CR4=0x00000000
00017867435e[CPU0  ] exception(): 3rd (13) exception with no resolution, shutdown status is 00h, resetting
00017867435i[SYS   ] bx_pc_system_c::Reset(HARDWARE) called
00017867435i[CPU0  ] cpu hardware reset
00017867435i[APIC0 ] allocate APIC id=0 (MMIO enabled) to 0x0000fee00000
00017867435i[CPU0  ] CPUID[0x00000000]: 00000005 756e6547 6c65746e 49656e69
00017867435i[CPU0  ] CPUID[0x00000001]: 00000633 00010800 00000008 1fcbfbff
00017867435i[CPU0  ] CPUID[0x00000002]: 00410601 00000000 00000000 00000000
00017867435i[CPU0  ] CPUID[0x00000003]: 00000000 00000000 00000000 00000000
00017867435i[CPU0  ] CPUID[0x00000004]: 00000000 00000000 00000000 00000000
00017867435i[CPU0  ] CPUID[0x00000005]: 00000040 00000040 00000003 00000020
00017867435i[PLUGIN] reset of 'pci' plugin device by virtual method
00017867435i[PLUGIN] reset of 'pci2isa' plugin device by virtual method
00017867435i[PLUGIN] reset of 'cmos' plugin device by virtual method
00017867435i[PLUGIN] reset of 'dma' plugin device by virtual method
00017867435i[PLUGIN] reset of 'pic' plugin device by virtual method
00017867435i[PLUGIN] reset of 'pit' plugin device by virtual method
00017867435i[PLUGIN] reset of 'vga' plugin device by virtual method
00017867435i[PLUGIN] reset of 'floppy' plugin device by virtual method
00017867435i[PLUGIN] reset of 'acpi' plugin device by virtual method
00017867435i[PLUGIN] reset of 'ioapic' plugin device by virtual method
00017867435i[PLUGIN] reset of 'keyboard' plugin device by virtual method
00017867435i[PLUGIN] reset of 'harddrv' plugin device by virtual method
00017867435i[PLUGIN] reset of 'pci_ide' plugin device by virtual method
00017867435i[PLUGIN] reset of 'unmapped' plugin device by virtual method
00017867435i[PLUGIN] reset of 'biosdev' plugin device by virtual method
00017867435i[PLUGIN] reset of 'speaker' plugin device by virtual method
00017867435i[PLUGIN] reset of 'extfpuirq' plugin device by virtual method
00017867435i[PLUGIN] reset of 'parallel' plugin device by virtual method
00017867435i[PLUGIN] reset of 'serial' plugin device by virtual method
00017867435i[PLUGIN] reset of 'iodebug' plugin device by virtual method
00017867436i[      ] Ctrl-C detected in signal handler.
00017872097i[BIOS  ] $Revision: 12579 $ $Date: 2014-12-26 11:31:39 +0100 (Fr, 26. Dez 2014) $
00018186055i[KBD   ] reset-disable command received
00018188824i[BIOS  ] Starting rombios32
00018189262i[BIOS  ] Shutdown flag 0
00018189845i[BIOS  ] ram_size=0x02000000
00018190266i[BIOS  ] ram_end=32MB
00018230766i[BIOS  ] Found 1 cpu(s)
00018244970i[BIOS  ] bios_table_addr: 0x000fa498 end=0x000fcc00
00018572765i[PCI   ] i440FX PMC write to PAM register 59 (TLB Flush)
00018900694i[P2ISA ] PCI IRQ routing: PIRQA# set to 0x0b
00018900713i[P2ISA ] PCI IRQ routing: PIRQB# set to 0x09
00018900732i[P2ISA ] PCI IRQ routing: PIRQC# set to 0x0b
00018900751i[P2ISA ] PCI IRQ routing: PIRQD# set to 0x09
00018900761i[P2ISA ] write: ELCR2 = 0x0a
00018901531i[BIOS  ] PIIX3/PIIX4 init: elcr=00 0a
00018909212i[BIOS  ] PCI: bus=0 devfn=0x00: vendor_id=0x8086 device_id=0x1237 class=0x0600
00018911491i[BIOS  ] PCI: bus=0 devfn=0x08: vendor_id=0x8086 device_id=0x7000 class=0x0601
00018913609i[BIOS  ] PCI: bus=0 devfn=0x09: vendor_id=0x8086 device_id=0x7010 class=0x0101
00018914450i[BIOS  ] region 4: 0x0000c000
00018916484i[BIOS  ] PCI: bus=0 devfn=0x0b: vendor_id=0x8086 device_id=0x7113 class=0x0680
00018916716i[ACPI  ] new irq line = 11
00018916728i[ACPI  ] new irq line = 9
00018916795i[PCI   ] setting SMRAM control register to 0x4a
00019080888i[CPU0  ] Enter to System Management Mode
00019080899i[CPU0  ] RSM: Resuming from System Management Mode
00019244920i[PCI   ] setting SMRAM control register to 0x0a
00019259786i[BIOS  ] MP table addr=0x000fa570 MPC table addr=0x000fa4a0 size=0xc8
00019261608i[BIOS  ] SMBIOS table addr=0x000fa580
00019263789i[BIOS  ] ACPI tables: RSDP addr=0x000fa6a0 ACPI DATA addr=0x01ff0000 size=0xf72
00019267001i[BIOS  ] Firmware waking vector 0x1ff00cc
00019268796i[PCI   ] i440FX PMC write to PAM register 59 (TLB Flush)
00019269519i[BIOS  ] bios_table_cur_addr: 0x000fa6c4
00019397136i[VBIOS ] VGABios $Id: vgabios.c,v 1.76 2013/02/10 08:07:03 vruppert Exp $
00019397207i[BXVGA ] VBE known Display Interface b0c0
00019397239i[BXVGA ] VBE known Display Interface b0c5
00019400164i[VBIOS ] VBE Bios $Id: vbe.c,v 1.65 2014/07/08 18:02:25 vruppert Exp $
00019744641i[BIOS  ] ata0-0: PCHS=121/16/63 translation=none LCHS=121/16/63
00023621847i[BIOS  ] IDE time out
00028612876i[XGUI  ] charmap update. Font Height is 16
00035691645i[BIOS  ] Booting from 0000:7c00
00035714879e[CPU0  ] interrupt(): gate.type(9) != {5,6,7,14,15}
00035714879e[CPU0  ] interrupt(): gate descriptor is not valid sys seg (vector=0x0d)
00035714879e[CPU0  ] interrupt(): gate descriptor is not valid sys seg (vector=0x08)
00035714879i[CPU0  ] CPU is in protected mode (active)
00035714879i[CPU0  ] CS.mode = 32 bit
00035714879i[CPU0  ] SS.mode = 32 bit
00035714879i[CPU0  ] EFER   = 0x00000000
00035714879i[CPU0  ] | EAX=00ec5aef  EBX=00b90700  ECX=00000008  EDX=020001f8
00035714879i[CPU0  ] | ESP=000008f0  EBP=00000000  ESI=0000000b  EDI=000000c9
00035714879i[CPU0  ] | IOPL=0 id vip vif ac vm RF nt of df if tf sf zf af pf cf
00035714879i[CPU0  ] | SEG sltr(index|ti|rpl)     base    limit G D
00035714879i[CPU0  ] |  CS:0008( 0001| 0|  0) 00000000 ffffffff 1 1
00035714879i[CPU0  ] |  DS:0010( 0002| 0|  0) 00000000 ffffffff 1 1
00035714879i[CPU0  ] |  SS:0010( 0002| 0|  0) 00000000 ffffffff 1 1
00035714879i[CPU0  ] |  ES:0010( 0002| 0|  0) 00000000 ffffffff 1 1
00035714879i[CPU0  ] |  FS:0000( 0005| 0|  0) 00000000 0000ffff 0 0
00035714879i[CPU0  ] |  GS:0018( 0003| 0|  0) 000b8000 00007fff 1 1
00035714879i[CPU0  ] | EIP=89670c02 (89670c02)
00035714879i[CPU0  ] | CR0=0x60000011 CR2=0x00000000
00035714879i[CPU0  ] | CR3=0x00000000 CR4=0x00000000
00035714879e[CPU0  ] exception(): 3rd (13) exception with no resolution, shutdown status is 00h, resetting
00035714879i[SYS   ] bx_pc_system_c::Reset(HARDWARE) called
00035714879i[CPU0  ] cpu hardware reset
00035714879i[APIC0 ] allocate APIC id=0 (MMIO enabled) to 0x0000fee00000
00035714879i[CPU0  ] CPUID[0x00000000]: 00000005 756e6547 6c65746e 49656e69
00035714879i[CPU0  ] CPUID[0x00000001]: 00000633 00010800 00000008 1fcbfbff
00035714879i[CPU0  ] CPUID[0x00000002]: 00410601 00000000 00000000 00000000
00035714879i[CPU0  ] CPUID[0x00000003]: 00000000 00000000 00000000 00000000
00035714879i[CPU0  ] CPUID[0x00000004]: 00000000 00000000 00000000 00000000
00035714879i[CPU0  ] CPUID[0x00000005]: 00000040 00000040 00000003 00000020
00035714879i[PLUGIN] reset of 'pci' plugin device by virtual method
00035714879i[PLUGIN] reset of 'pci2isa' plugin device by virtual method
00035714879i[PLUGIN] reset of 'cmos' plugin device by virtual method
00035714879i[PLUGIN] reset of 'dma' plugin device by virtual method
00035714879i[PLUGIN] reset of 'pic' plugin device by virtual method
00035714879i[PLUGIN] reset of 'pit' plugin device by virtual method
00035714879i[PLUGIN] reset of 'vga' plugin device by virtual method
00035714879i[PLUGIN] reset of 'floppy' plugin device by virtual method
00035714879i[PLUGIN] reset of 'acpi' plugin device by virtual method
00035714879i[PLUGIN] reset of 'ioapic' plugin device by virtual method
00035714879i[PLUGIN] reset of 'keyboard' plugin device by virtual method
00035714879i[PLUGIN] reset of 'harddrv' plugin device by virtual method
00035714879i[PLUGIN] reset of 'pci_ide' plugin device by virtual method
00035714879i[PLUGIN] reset of 'unmapped' plugin device by virtual method
00035714879i[PLUGIN] reset of 'biosdev' plugin device by virtual method
00035714879i[PLUGIN] reset of 'speaker' plugin device by virtual method
00035714879i[PLUGIN] reset of 'extfpuirq' plugin device by virtual method
00035714879i[PLUGIN] reset of 'parallel' plugin device by virtual method
00035714879i[PLUGIN] reset of 'serial' plugin device by virtual method
00035714879i[PLUGIN] reset of 'iodebug' plugin device by virtual method
00035714880i[      ] Ctrl-C detected in signal handler.
00035719541i[BIOS  ] $Revision: 12579 $ $Date: 2014-12-26 11:31:39 +0100 (Fr, 26. Dez 2014) $
00036033043i[KBD   ] reset-disable command received
00036035812i[BIOS  ] Starting rombios32
00036036250i[BIOS  ] Shutdown flag 0
00036036833i[BIOS  ] ram_size=0x02000000
00036037254i[BIOS  ] ram_end=32MB
00036077774i[BIOS  ] Found 1 cpu(s)
00036091978i[BIOS  ] bios_table_addr: 0x000fa498 end=0x000fcc00
00036419773i[PCI   ] i440FX PMC write to PAM register 59 (TLB Flush)
00036747702i[P2ISA ] PCI IRQ routing: PIRQA# set to 0x0b
00036747721i[P2ISA ] PCI IRQ routing: PIRQB# set to 0x09
00036747740i[P2ISA ] PCI IRQ routing: PIRQC# set to 0x0b
00036747759i[P2ISA ] PCI IRQ routing: PIRQD# set to 0x09
00036747769i[P2ISA ] write: ELCR2 = 0x0a
00036748539i[BIOS  ] PIIX3/PIIX4 init: elcr=00 0a
00036756220i[BIOS  ] PCI: bus=0 devfn=0x00: vendor_id=0x8086 device_id=0x1237 class=0x0600
00036758499i[BIOS  ] PCI: bus=0 devfn=0x08: vendor_id=0x8086 device_id=0x7000 class=0x0601
00036760617i[BIOS  ] PCI: bus=0 devfn=0x09: vendor_id=0x8086 device_id=0x7010 class=0x0101
00036761458i[BIOS  ] region 4: 0x0000c000
00036763492i[BIOS  ] PCI: bus=0 devfn=0x0b: vendor_id=0x8086 device_id=0x7113 class=0x0680
00036763724i[ACPI  ] new irq line = 11
00036763736i[ACPI  ] new irq line = 9
00036763803i[PCI   ] setting SMRAM control register to 0x4a
00036927896i[CPU0  ] Enter to System Management Mode
00036927907i[CPU0  ] RSM: Resuming from System Management Mode
00037091928i[PCI   ] setting SMRAM control register to 0x0a
00037106794i[BIOS  ] MP table addr=0x000fa570 MPC table addr=0x000fa4a0 size=0xc8
00037108616i[BIOS  ] SMBIOS table addr=0x000fa580
00037110797i[BIOS  ] ACPI tables: RSDP addr=0x000fa6a0 ACPI DATA addr=0x01ff0000 size=0xf72
00037114009i[BIOS  ] Firmware waking vector 0x1ff00cc
00037115804i[PCI   ] i440FX PMC write to PAM register 59 (TLB Flush)
00037116527i[BIOS  ] bios_table_cur_addr: 0x000fa6c4
00037244144i[VBIOS ] VGABios $Id: vgabios.c,v 1.76 2013/02/10 08:07:03 vruppert Exp $
00037244215i[BXVGA ] VBE known Display Interface b0c0
00037244247i[BXVGA ] VBE known Display Interface b0c5
00037247172i[VBIOS ] VBE Bios $Id: vbe.c,v 1.65 2014/07/08 18:02:25 vruppert Exp $
00037591649i[BIOS  ] ata0-0: PCHS=121/16/63 translation=none LCHS=121/16/63
00041468855i[BIOS  ] IDE time out
00042523632i[XGUI  ] charmap update. Font Height is 16
00053539093i[BIOS  ] Booting from 0000:7c00
00053562327e[CPU0  ] interrupt(): gate.type(9) != {5,6,7,14,15}
00053562327e[CPU0  ] interrupt(): gate descriptor is not valid sys seg (vector=0x0d)
00053562327e[CPU0  ] interrupt(): gate descriptor is not valid sys seg (vector=0x08)
00053562327i[CPU0  ] CPU is in protected mode (active)
00053562327i[CPU0  ] CS.mode = 32 bit
00053562327i[CPU0  ] SS.mode = 32 bit
00053562327i[CPU0  ] EFER   = 0x00000000
00053562327i[CPU0  ] | EAX=00ec5aef  EBX=00b90700  ECX=00000008  EDX=020001f8
00053562327i[CPU0  ] | ESP=000008f0  EBP=00000000  ESI=0000000b  EDI=000000c9
00053562327i[CPU0  ] | IOPL=0 id vip vif ac vm RF nt of df if tf sf zf af pf cf
00053562327i[CPU0  ] | SEG sltr(index|ti|rpl)     base    limit G D
00053562327i[CPU0  ] |  CS:0008( 0001| 0|  0) 00000000 ffffffff 1 1
00053562327i[CPU0  ] |  DS:0010( 0002| 0|  0) 00000000 ffffffff 1 1
00053562327i[CPU0  ] |  SS:0010( 0002| 0|  0) 00000000 ffffffff 1 1
00053562327i[CPU0  ] |  ES:0010( 0002| 0|  0) 00000000 ffffffff 1 1
00053562327i[CPU0  ] |  FS:0000( 0005| 0|  0) 00000000 0000ffff 0 0
00053562327i[CPU0  ] |  GS:0018( 0003| 0|  0) 000b8000 00007fff 1 1
00053562327i[CPU0  ] | EIP=89670c02 (89670c02)
00053562327i[CPU0  ] | CR0=0x60000011 CR2=0x00000000
00053562327i[CPU0  ] | CR3=0x00000000 CR4=0x00000000
00053562327e[CPU0  ] exception(): 3rd (13) exception with no resolution, shutdown status is 00h, resetting
00053562327i[SYS   ] bx_pc_system_c::Reset(HARDWARE) called
00053562327i[CPU0  ] cpu hardware reset
00053562327i[APIC0 ] allocate APIC id=0 (MMIO enabled) to 0x0000fee00000
00053562327i[CPU0  ] CPUID[0x00000000]: 00000005 756e6547 6c65746e 49656e69
00053562327i[CPU0  ] CPUID[0x00000001]: 00000633 00010800 00000008 1fcbfbff
00053562327i[CPU0  ] CPUID[0x00000002]: 00410601 00000000 00000000 00000000
00053562327i[CPU0  ] CPUID[0x00000003]: 00000000 00000000 00000000 00000000
00053562327i[CPU0  ] CPUID[0x00000004]: 00000000 00000000 00000000 00000000
00053562327i[CPU0  ] CPUID[0x00000005]: 00000040 00000040 00000003 00000020
00053562327i[PLUGIN] reset of 'pci' plugin device by virtual method
00053562327i[PLUGIN] reset of 'pci2isa' plugin device by virtual method
00053562327i[PLUGIN] reset of 'cmos' plugin device by virtual method
00053562327i[PLUGIN] reset of 'dma' plugin device by virtual method
00053562327i[PLUGIN] reset of 'pic' plugin device by virtual method
00053562327i[PLUGIN] reset of 'pit' plugin device by virtual method
00053562327i[PLUGIN] reset of 'vga' plugin device by virtual method
00053562327i[PLUGIN] reset of 'floppy' plugin device by virtual method
00053562327i[PLUGIN] reset of 'acpi' plugin device by virtual method
00053562327i[PLUGIN] reset of 'ioapic' plugin device by virtual method
00053562327i[PLUGIN] reset of 'keyboard' plugin device by virtual method
00053562327i[PLUGIN] reset of 'harddrv' plugin device by virtual method
00053562327i[PLUGIN] reset of 'pci_ide' plugin device by virtual method
00053562327i[PLUGIN] reset of 'unmapped' plugin device by virtual method
00053562327i[PLUGIN] reset of 'biosdev' plugin device by virtual method
00053562327i[PLUGIN] reset of 'speaker' plugin device by virtual method
00053562327i[PLUGIN] reset of 'extfpuirq' plugin device by virtual method
00053562327i[PLUGIN] reset of 'parallel' plugin device by virtual method
00053562327i[PLUGIN] reset of 'serial' plugin device by virtual method
00053562327i[PLUGIN] reset of 'iodebug' plugin device by virtual method
00053562328i[      ] Ctrl-C detected in signal handler.
00053566989i[BIOS  ] $Revision: 12579 $ $Date: 2014-12-26 11:31:39 +0100 (Fr, 26. Dez 2014) $
00053880073i[KBD   ] reset-disable command received
00053882804i[BIOS  ] Starting rombios32
00053883242i[BIOS  ] Shutdown flag 0
00053883825i[BIOS  ] ram_size=0x02000000
00053884246i[BIOS  ] ram_end=32MB
00053924766i[BIOS  ] Found 1 cpu(s)
00053938970i[BIOS  ] bios_table_addr: 0x000fa498 end=0x000fcc00
00054266765i[PCI   ] i440FX PMC write to PAM register 59 (TLB Flush)
00054594694i[P2ISA ] PCI IRQ routing: PIRQA# set to 0x0b
00054594713i[P2ISA ] PCI IRQ routing: PIRQB# set to 0x09
00054594732i[P2ISA ] PCI IRQ routing: PIRQC# set to 0x0b
00054594751i[P2ISA ] PCI IRQ routing: PIRQD# set to 0x09
00054594761i[P2ISA ] write: ELCR2 = 0x0a
00054595531i[BIOS  ] PIIX3/PIIX4 init: elcr=00 0a
00054603212i[BIOS  ] PCI: bus=0 devfn=0x00: vendor_id=0x8086 device_id=0x1237 class=0x0600
00054605491i[BIOS  ] PCI: bus=0 devfn=0x08: vendor_id=0x8086 device_id=0x7000 class=0x0601
00054607609i[BIOS  ] PCI: bus=0 devfn=0x09: vendor_id=0x8086 device_id=0x7010 class=0x0101
00054608450i[BIOS  ] region 4: 0x0000c000
00054610484i[BIOS  ] PCI: bus=0 devfn=0x0b: vendor_id=0x8086 device_id=0x7113 class=0x0680
00054610716i[ACPI  ] new irq line = 11
00054610728i[ACPI  ] new irq line = 9
00054610795i[PCI   ] setting SMRAM control register to 0x4a
00054774888i[CPU0  ] Enter to System Management Mode
00054774899i[CPU0  ] RSM: Resuming from System Management Mode
00054938920i[PCI   ] setting SMRAM control register to 0x0a
00054953786i[BIOS  ] MP table addr=0x000fa570 MPC table addr=0x000fa4a0 size=0xc8
00054955608i[BIOS  ] SMBIOS table addr=0x000fa580
00054957789i[BIOS  ] ACPI tables: RSDP addr=0x000fa6a0 ACPI DATA addr=0x01ff0000 size=0xf72
00054961001i[BIOS  ] Firmware waking vector 0x1ff00cc
00054962796i[PCI   ] i440FX PMC write to PAM register 59 (TLB Flush)
00054963519i[BIOS  ] bios_table_cur_addr: 0x000fa6c4
00055091136i[VBIOS ] VGABios $Id: vgabios.c,v 1.76 2013/02/10 08:07:03 vruppert Exp $
00055091207i[BXVGA ] VBE known Display Interface b0c0
00055091239i[BXVGA ] VBE known Display Interface b0c5
00055094164i[VBIOS ] VBE Bios $Id: vbe.c,v 1.65 2014/07/08 18:02:25 vruppert Exp $
00055438641i[BIOS  ] ata0-0: PCHS=121/16/63 translation=none LCHS=121/16/63
00059315847i[BIOS  ] IDE time out
00059642640i[XGUI  ] charmap update. Font Height is 16
00071386535i[BIOS  ] Booting from 0000:7c00
00071409769e[CPU0  ] interrupt(): gate.type(9) != {5,6,7,14,15}
00071409769e[CPU0  ] interrupt(): gate descriptor is not valid sys seg (vector=0x0d)
00071409769e[CPU0  ] interrupt(): gate descriptor is not valid sys seg (vector=0x08)
00071409769i[CPU0  ] CPU is in protected mode (active)
00071409769i[CPU0  ] CS.mode = 32 bit
00071409769i[CPU0  ] SS.mode = 32 bit
00071409769i[CPU0  ] EFER   = 0x00000000
00071409769i[CPU0  ] | EAX=00ec5aef  EBX=00b90700  ECX=00000008  EDX=020001f8
00071409769i[CPU0  ] | ESP=000008f0  EBP=00000000  ESI=0000000b  EDI=000000c9
00071409769i[CPU0  ] | IOPL=0 id vip vif ac vm RF nt of df if tf sf zf af pf cf
00071409769i[CPU0  ] | SEG sltr(index|ti|rpl)     base    limit G D
00071409769i[CPU0  ] |  CS:0008( 0001| 0|  0) 00000000 ffffffff 1 1
00071409769i[CPU0  ] |  DS:0010( 0002| 0|  0) 00000000 ffffffff 1 1
00071409769i[CPU0  ] |  SS:0010( 0002| 0|  0) 00000000 ffffffff 1 1
00071409769i[CPU0  ] |  ES:0010( 0002| 0|  0) 00000000 ffffffff 1 1
00071409769i[CPU0  ] |  FS:0000( 0005| 0|  0) 00000000 0000ffff 0 0
00071409769i[CPU0  ] |  GS:0018( 0003| 0|  0) 000b8000 00007fff 1 1
00071409769i[CPU0  ] | EIP=89670c02 (89670c02)
00071409769i[CPU0  ] | CR0=0x60000011 CR2=0x00000000
00071409769i[CPU0  ] | CR3=0x00000000 CR4=0x00000000
00071409769e[CPU0  ] exception(): 3rd (13) exception with no resolution, shutdown status is 00h, resetting
00071409769i[SYS   ] bx_pc_system_c::Reset(HARDWARE) called
00071409769i[CPU0  ] cpu hardware reset
00071409769i[APIC0 ] allocate APIC id=0 (MMIO enabled) to 0x0000fee00000
00071409769i[CPU0  ] CPUID[0x00000000]: 00000005 756e6547 6c65746e 49656e69
00071409769i[CPU0  ] CPUID[0x00000001]: 00000633 00010800 00000008 1fcbfbff
00071409769i[CPU0  ] CPUID[0x00000002]: 00410601 00000000 00000000 00000000
00071409769i[CPU0  ] CPUID[0x00000003]: 00000000 00000000 00000000 00000000
00071409769i[CPU0  ] CPUID[0x00000004]: 00000000 00000000 00000000 00000000
00071409769i[CPU0  ] CPUID[0x00000005]: 00000040 00000040 00000003 00000020
00071409769i[PLUGIN] reset of 'pci' plugin device by virtual method
00071409769i[PLUGIN] reset of 'pci2isa' plugin device by virtual method
00071409769i[PLUGIN] reset of 'cmos' plugin device by virtual method
00071409769i[PLUGIN] reset of 'dma' plugin device by virtual method
00071409769i[PLUGIN] reset of 'pic' plugin device by virtual method
00071409769i[PLUGIN] reset of 'pit' plugin device by virtual method
00071409769i[PLUGIN] reset of 'vga' plugin device by virtual method
00071409769i[PLUGIN] reset of 'floppy' plugin device by virtual method
00071409769i[PLUGIN] reset of 'acpi' plugin device by virtual method
00071409769i[PLUGIN] reset of 'ioapic' plugin device by virtual method
00071409769i[PLUGIN] reset of 'keyboard' plugin device by virtual method
00071409769i[PLUGIN] reset of 'harddrv' plugin device by virtual method
00071409769i[PLUGIN] reset of 'pci_ide' plugin device by virtual method
00071409769i[PLUGIN] reset of 'unmapped' plugin device by virtual method
00071409769i[PLUGIN] reset of 'biosdev' plugin device by virtual method
00071409769i[PLUGIN] reset of 'speaker' plugin device by virtual method
00071409769i[PLUGIN] reset of 'extfpuirq' plugin device by virtual method
00071409769i[PLUGIN] reset of 'parallel' plugin device by virtual method
00071409769i[PLUGIN] reset of 'serial' plugin device by virtual method
00071409769i[PLUGIN] reset of 'iodebug' plugin device by virtual method
00071414431i[BIOS  ] $Revision: 12579 $ $Date: 2014-12-26 11:31:39 +0100 (Fr, 26. Dez 2014) $
00071496000p[XGUI  ] >>PANIC<< POWER button turned off.
00071496000i[CPU0  ] CPU is in real mode (active)
00071496000i[CPU0  ] CS.mode = 16 bit
00071496000i[CPU0  ] SS.mode = 16 bit
00071496000i[CPU0  ] EFER   = 0x00000000
00071496000i[CPU0  ] | EAX=00000010  EBX=0000003e  ECX=00000000  EDX=00000064
00071496000i[CPU0  ] | ESP=0000fff0  EBP=0000fff2  ESI=00000000  EDI=00000400
00071496000i[CPU0  ] | IOPL=0 id vip vif ac vm rf nt of df if tf SF zf af pf cf
00071496000i[CPU0  ] | SEG sltr(index|ti|rpl)     base    limit G D
00071496000i[CPU0  ] |  CS:f000( 1e00| 0|  0) 000f0000 0000ffff 0 0
00071496000i[CPU0  ] |  DS:0000( 0000| 0|  0) 00000000 0000ffff 0 0
00071496000i[CPU0  ] |  SS:0000( 0000| 0|  0) 00000000 0000ffff 0 0
00071496000i[CPU0  ] |  ES:0000( 0000| 0|  0) 00000000 0000ffff 0 0
00071496000i[CPU0  ] |  FS:0000( 0000| 0|  0) 00000000 0000ffff 0 0
00071496000i[CPU0  ] |  GS:0000( 0000| 0|  0) 00000000 0000ffff 0 0
00071496000i[CPU0  ] | EIP=00000531 (00000531)
00071496000i[CPU0  ] | CR0=0x60000010 CR2=0x00000000
00071496000i[CPU0  ] | CR3=0x00000000 CR4=0x00000000
00071496000i[CMOS  ] Last time is 1673148456 (Sat Jan  7 19:27:36 2023)
00071496000i[XGUI  ] Exit
00071496000i[SIM   ] quit_sim called with exit code 1
